Server started at http://localhost:8080
ticker  GROW
{ ticker: 'GROW',
  company_name: 'U.S. Global Investors, Inc.',
  sector: 'Financial',
  industry: 'Asset Management',
  country: 'USA',
  market_cap: 92.48,
  pe: 2.75,
  eps_past5yrs: -3.2,
  sales_past5yrs: -10.7,
  roi: -13.7,
  gross_margin: 0,
  profit_margin: 0 }
ticker  T
{ ticker: 'T',
  company_name: 'AT&T Inc.',
  sector: 'Communication Services',
  industry: 'Telecom Services',
  country: 'USA',
  market_cap: 179104.84,
  pe: 208.4,
  eps_past5yrs: -18.3,
  sales_past5yrs: 3.2,
  roi: 1.7,
  gross_margin: 52.2,
  profit_margin: -1.4 }
ticker  T
{ ticker: 'T',
  company_name: 'AT&T Inc.',
  sector: 'Communication Services',
  industry: 'Telecom Services',
  country: 'USA',
  market_cap: 179104.84,
  pe: 208.4,
  eps_past5yrs: -18.3,
  sales_past5yrs: 3.2,
  roi: 1.7,
  gross_margin: 52.2,
  profit_margin: -1.4 }
ticker  T
{ ticker: 'T',
  company_name: 'AT&T Inc.',
  sector: 'Communication Services',
  industry: 'Telecom Services',
  country: 'USA',
  market_cap: 179104.84,
  pe: 208.4,
  eps_past5yrs: -18.3,
  sales_past5yrs: 3.2,
  roi: 1.7,
  gross_margin: 52.2,
  profit_margin: -1.4 }
ticker  T
{ ticker: 'T',
  company_name: 'AT&T Inc.',
  sector: 'Communication Services',
  industry: 'Telecom Services',
  country: 'USA',
  market_cap: 179104.84,
  pe: 208.4,
  eps_past5yrs: -18.3,
  sales_past5yrs: 3.2,
  roi: 1.7,
  gross_margin: 52.2,
  profit_margin: -1.4 }
